<?xml version="1.0" encoding="UTF-8"?>
<!-- Generated by org.testng.reporters.JUnitReportReporter -->
<testsuite hostname="_tejasgulhane_" failures="0" tests="1" name="com.Mvm.Q1_OpenApiDemo" time="19.525" errors="0" timestamp="2023-12-16T14:21:06 IST" skipped="0">
  <testcase classname="com.Mvm.Q1_OpenApiDemo" name="open" time="19.525"/>
</testsuite> <!-- com.Mvm.Q1_OpenApiDemo -->
