<?xml version="1.0" encoding="UTF-8"?>
<!-- Generated by org.testng.reporters.JUnitReportReporter -->
<testsuite hostname="_tejasgulhane_" failures="0" tests="1" name="com.Mvm.Q4_ApiDemoSwipeAction" time="51.143" errors="0" timestamp="2023-12-16T15:50:33 IST" skipped="0">
  <testcase classname="com.Mvm.Q4_ApiDemoSwipeAction" name="functions" time="51.143"/>
</testsuite> <!-- com.Mvm.Q4_ApiDemoSwipeAction -->
