<?xml version="1.0" encoding="UTF-8"?>
<!-- Generated by org.testng.reporters.JUnitReportReporter -->
<testsuite hostname="_tejasgulhane_" failures="0" tests="1" name="com.Mvm.Q3_Grocerystore" time="39.685" errors="0" timestamp="2023-12-16T15:38:31 IST" skipped="0">
  <testcase classname="com.Mvm.Q3_Grocerystore" name="functions" time="39.685"/>
</testsuite> <!-- com.Mvm.Q3_Grocerystore -->
