<?xml version="1.0" encoding="UTF-8"?>
<!-- Generated by org.testng.reporters.JUnitReportReporter -->
<testsuite hostname="_tejasgulhane_" failures="0" tests="1" name="com.Mvm.OpenApiDemo" time="18.696" errors="0" timestamp="2023-12-16T01:11:20 IST" skipped="0">
  <testcase classname="com.Mvm.OpenApiDemo" name="open" time="18.696"/>
</testsuite> <!-- com.Mvm.OpenApiDemo -->
